<?xml version="1.0" encoding="UTF-8"?>
<!-- Generated by org.testng.reporters.JUnitReportReporter -->
<testsuite hostname="DESKTOP-V9OMTJ7" failures="0" tests="1" name="test.AddCustomerTest" time="14.671" errors="0" timestamp="2023-08-03T14:21:02 CDT" skipped="0">
  <testcase classname="test.AddCustomerTest" name="validUserShouldBeAbleToAddCustomer" time="14.671"/>
</testsuite> <!-- test.AddCustomerTest -->
