<?xml version="1.0" encoding="UTF-8"?>
<!-- Generated by org.testng.reporters.JUnitReportReporter -->
<testsuite hostname="DESKTOP-V9OMTJ7" failures="0" tests="1" name="test.LoginTest" time="6.815" errors="0" timestamp="2023-08-03T12:33:29 CDT" skipped="0">
  <testcase classname="test.LoginTest" name="userShouldBeAbleToLogin" time="6.815"/>
</testsuite> <!-- test.LoginTest -->
